build/app/intermediates/manifest_merge_blame_file/release/manifest-merger-blame-release-report.txt
1<?xml version="1.0" encoding="utf-8"?>
2<manifest xmlns:android="http://schemas.android.com/apk/res/android"
3    package="com.souvikbiswas.flutter_camera_demo"
4    android:versionCode="1"
5    android:versionName="1.0.0" >
6
7    <uses-sdk
8        android:minSdkVersion="21"
8-->src\main\AndroidManifest.xml
9        android:targetSdkVersion="31" />
9-->src\main\AndroidManifest.xml
10    <!-- Permission for accessing `camera` -->
11    <uses-permission android:name="android.permission.INTERNET" />
11-->src\main\AndroidManifest.xml:4:4-65
11-->src\main\AndroidManifest.xml:4:21-63
12    <uses-permission android:name="android.permission.CAMERA" />
12-->[:camera_android] AndroidManifest.xml:9:5-65
12-->[:camera_android] AndroidManifest.xml:9:22-62
13    <uses-permission android:name="android.permission.RECORD_AUDIO" />
13-->[:camera_android] AndroidManifest.xml:10:5-71
13-->[:camera_android] AndroidManifest.xml:10:22-68
14    <uses-permission android:name="android.permission.ACCESS_NETWORK_STATE" />
14-->[com.google.android.exoplayer:exoplayer-core:2.18.1] AndroidManifest.xml:24:5-79
14-->[com.google.android.exoplayer:exoplayer-core:2.18.1] AndroidManifest.xml:24:22-76
15
16    <application
16-->src\main\AndroidManifest.xml:5:4-43:19
17        android:appComponentFactory="androidx.core.app.CoreComponentFactory"
17-->[androidx.core:core:1.7.0] AndroidManifest.xml:24:18-86
18        android:icon="@mipmap/ic_launcher"
18-->src\main\AndroidManifest.xml:7:9-43
19        android:label="AppDrug" >
19-->src\main\AndroidManifest.xml:6:9-32
20        <activity
20-->src\main\AndroidManifest.xml:8:9-37:20
21            android:name="com.souvikbiswas.flutter_camera_demo.MainActivity"
21-->src\main\AndroidManifest.xml:9:13-41
22            android:configChanges="orientation|keyboardHidden|keyboard|screenSize|smallestScreenSize|locale|layoutDirection|fontScale|screenLayout|density|uiMode"
22-->src\main\AndroidManifest.xml:13:13-163
23            android:exported="true"
23-->src\main\AndroidManifest.xml:10:13-36
24            android:hardwareAccelerated="true"
24-->src\main\AndroidManifest.xml:14:13-47
25            android:launchMode="singleTop"
25-->src\main\AndroidManifest.xml:11:13-43
26            android:theme="@style/LaunchTheme"
26-->src\main\AndroidManifest.xml:12:13-47
27            android:windowSoftInputMode="adjustResize" >
27-->src\main\AndroidManifest.xml:15:13-55
28
29            <!--
30                 Specifies an Android theme to apply to this Activity as soon as
31                 the Android process has started. This theme is visible to the user
32                 while the Flutter UI initializes. After that, this theme continues
33                 to determine the Window background behind the Flutter UI.
34            -->
35            <meta-data
35-->src\main\AndroidManifest.xml:20:13-23:17
36                android:name="io.flutter.embedding.android.NormalTheme"
36-->src\main\AndroidManifest.xml:21:15-70
37                android:resource="@style/NormalTheme" />
37-->src\main\AndroidManifest.xml:22:15-52
38            <!--
39                 Displays an Android View that continues showing the launch screen
40                 Drawable until Flutter paints its first frame, then this splash
41                 screen fades out. A splash screen is useful to avoid any visual
42                 gap between the end of Android's launch screen and the painting of
43                 Flutter's first frame.
44            -->
45            <!--
46              <meta-data
47              android:name="io.flutter.embedding.android.SplashScreenDrawable"
48              android:resource="@drawable/launch_background"
49              />
50            -->
51            <intent-filter>
51-->src\main\AndroidManifest.xml:33:13-36:29
52                <action android:name="android.intent.action.MAIN" />
52-->src\main\AndroidManifest.xml:34:17-68
52-->src\main\AndroidManifest.xml:34:25-66
53
54                <category android:name="android.intent.category.LAUNCHER" />
54-->src\main\AndroidManifest.xml:35:17-76
54-->src\main\AndroidManifest.xml:35:27-74
55            </intent-filter>
56        </activity>
57        <!--
58             Don't delete the meta-data below.
59             This is used by the Flutter tool to generate GeneratedPluginRegistrant.java
60        -->
61        <meta-data
61-->src\main\AndroidManifest.xml:40:9-42:33
62            android:name="flutterEmbedding"
62-->src\main\AndroidManifest.xml:41:13-44
63            android:value="2" />
63-->src\main\AndroidManifest.xml:42:13-30
64
65        <uses-library
65-->[androidx.window:window:1.0.0-beta04] AndroidManifest.xml:25:9-27:40
66            android:name="androidx.window.extensions"
66-->[androidx.window:window:1.0.0-beta04] AndroidManifest.xml:26:13-54
67            android:required="false" />
67-->[androidx.window:window:1.0.0-beta04] AndroidManifest.xml:27:13-37
68        <uses-library
68-->[androidx.window:window:1.0.0-beta04] AndroidManifest.xml:28:9-30:40
69            android:name="androidx.window.sidecar"
69-->[androidx.window:window:1.0.0-beta04] AndroidManifest.xml:29:13-51
70            android:required="false" />
70-->[androidx.window:window:1.0.0-beta04] AndroidManifest.xml:30:13-37
71    </application>
72
73</manifest>